ui: 1626
ui: 1664
hrm: 1682
app: 1692
ui: 1715
ui: 1741
hrm: 1758
ui: 1767
app: 1773
ui: 1800
ui: 1824
ui: 1842
ui: 1860
ui: 1878
activity: 1907
app: 1910
ui: 1925
ui: 1945
ui: 1963
activity: 1997
app: 2004
ui: 2018
ui: 2039
ui: 2057
hrm: 13588
app: 13600
ui: 13623
ui: 13654
ui: 13673
ui: 13692
activity: 14723
app: 14727
ui: 14743
ui: 14767
ui: 14786
hrm: 25975
app: 25988
ui: 26017
ui: 26045
ui: 26064
ui: 26082
activity: 27790
app: 27800
ui: 27817
ui: 27845
ui: 27863
hrm: 36175
app: 36181
ui: 36204
ui: 36231
ui: 36249
ui: 36267
activity: 38587
app: 38598
ui: 38615
ui: 38640
ui: 38659
hrm: 47643
app: 47655
ui: 47676
ui: 47706
ui: 47741
ui: 47761
activity: 50541
app: 50548
ui: 50572
ui: 50600
ui: 50619
hrm: 59589
app: 59601
ui: 59623
ui: 59649
ui: 59668
ui: 59686
activity: 64155
app: 64168
ui: 64235
ui: 64265
ui: 64284
hrm: 72411
app: 72417
ui: 72440
ui: 72467
ui: 72486
ui: 72504
activity: 78441
app: 78454
ui: 78473
ui: 78500
ui: 78519
hrm: 85030
app: 85043
ui: 85070
ui: 85101
ui: 85120
ui: 85138
activity: 89901
app: 89907
ui: 89930
ui: 89958
ui: 89977
hrm: 96730
app: 96743
ui: 96764
ui: 96791
ui: 96810
ui: 96828
activity: 103204
app: 103217
ui: 103237
ui: 103266
ui: 103285
hrm: 107868
app: 107873
ui: 107896
ui: 107922
ui: 107940
ui: 107958
activity: 115155
app: 115168
ui: 115187
ui: 115215
ui: 115233
hrm: 119856
app: 119868
ui: 119888
ui: 119918
ui: 119937
ui: 119955
activity: 128406
app: 128412
ui: 128435
ui: 128474
ui: 128495
hrm: 132190
app: 132202
ui: 132223
ui: 132260
ui: 132281
ui: 132300
activity: 141031
app: 141050
ui: 141074
ui: 141106
ui: 141125
hrm: 144349
app: 144355
ui: 144378
ui: 144405
ui: 144424
ui: 144442
activity: 154049
app: 154062
ui: 154082
ui: 154110
ui: 154128
hrm: 155889
app: 155902
ui: 155923
ui: 155952
ui: 155971
ui: 155990
activity: 167338
app: 167345
ui: 167367
ui: 167417
hrm: 167439
ui: 167445
app: 167452
ui: 167482
ui: 167506
ui: 167525
ui: 167543
hrm: 180627
app: 180640
ui: 180661
ui: 180695
activity: 180714
ui: 180721
app: 180726
ui: 180753
ui: 180776
ui: 180794
ui: 180812
hrm: 192905
app: 192912
ui: 192934
ui: 192961
ui: 192980
ui: 192998
activity: 193788
app: 193797
ui: 193813
ui: 193837
ui: 193855
hrm: 204923
app: 204965
ui: 205027
ui: 205095
ui: 205115
ui: 205149
activity: 206773
app: 206780
ui: 206805
ui: 206832
ui: 206863
hrm: 215919
app: 215933
ui: 215954
ui: 215991
ui: 216033
ui: 216067
activity: 217843
app: 217884
ui: 217901
ui: 217943
ui: 217962
hrm: 228179
app: 228186
ui: 228209
ui: 228247
ui: 228267
ui: 228285
activity: 229277
app: 229286
ui: 229302
ui: 229325
ui: 229343
hrm: 238302
app: 238315
ui: 238336
ui: 238365
ui: 238384
ui: 238402
activity: 242973
app: 242980
ui: 243004
ui: 243031
ui: 243049
hrm: 250492
app: 250505
ui: 250524
ui: 250550
ui: 250568
ui: 250586
activity: 256558
app: 256570
ui: 256591
ui: 256616
ui: 256634
hrm: 263906
app: 263912
ui: 263935
ui: 263961
ui: 263980
ui: 263998
activity: 268631
app: 268643
ui: 268664
ui: 268690
ui: 268709
hrm: 274193
app: 274222
ui: 274241
ui: 274281
ui: 274301
ui: 274320
activity: 280967
app: 280972
ui: 280992
ui: 281072
ui: 281092
hrm: 286164
app: 286178
ui: 286246
ui: 286272
ui: 286291
ui: 286309
activity: 293688
app: 293701
ui: 293720
ui: 293750
ui: 293769
hrm: 297887
app: 297892
ui: 297911
ui: 297936
ui: 297954
ui: 297972
activity: 305766
app: 305781
ui: 305802
ui: 305846
ui: 305867
hrm: 308209
app: 308222
ui: 308243
ui: 308272
ui: 308291
ui: 308309
activity: 317156
app: 317162
ui: 317185
ui: 317211
ui: 317230
hrm: 318942
app: 318951
ui: 318968
ui: 318992
ui: 319010
ui: 319028
activity: 328945
app: 328957
ui: 328981
ui: 329025
ui: 329046
hrm: 330889
app: 330894
ui: 330912
ui: 330936
ui: 330954
ui: 330973
activity: 342846
app: 342859
ui: 342879
ui: 342912
hrm: 342931
ui: 342942
app: 342949
ui: 342976
ui: 343000
ui: 343018
ui: 343036
hrm: 355393
app: 355404
ui: 355425
ui: 355454
ui: 355472
ui: 355491
activity: 355520
app: 355522
ui: 355536
ui: 355557
ui: 355575
hrm: 369325
app: 369353
ui: 369374
ui: 369401
ui: 369420
ui: 369438
activity: 370213
app: 370221
ui: 370236
ui: 370297
ui: 370317
hrm: 380550
app: 380556
ui: 380579
ui: 380606
ui: 380649
ui: 380668
activity: 382706
app: 382741
ui: 382793
ui: 382845
ui: 382865
hrm: 391142
app: 391159
ui: 391185
ui: 391215
ui: 391234
ui: 391252
activity: 394373
app: 394379
ui: 394398
ui: 394423
ui: 394441
hrm: 403106
app: 403118
ui: 403139
ui: 403168
ui: 403186
ui: 403204
activity: 406855
app: 406867
ui: 406938
ui: 407000
ui: 407018
hrm: 416229
app: 416234
ui: 416283
ui: 416352
ui: 416372
ui: 416390
activity: 420546
app: 420556
ui: 420575
ui: 420599
ui: 420618
hrm: 429271
app: 429284
ui: 429305
ui: 429332
ui: 429351
ui: 429369
activity: 434474
app: 434479
ui: 434498
ui: 434524
ui: 434542
hrm: 441755
app: 441793
ui: 441831
ui: 441855
ui: 441873
ui: 441892
activity: 448014
app: 448054
ui: 448092
ui: 448120
ui: 448139
hrm: 455001
app: 455031
ui: 455074
ui: 455110
ui: 455130
ui: 455195
activity: 461644
app: 461657
ui: 461677
ui: 461716
ui: 461737
hrm: 465813
app: 465824
ui: 465879
ui: 465958
ui: 465977
ui: 466004
activity: 472972
app: 472978
ui: 473001
ui: 473027
ui: 473046
hrm: 476689
app: 476701
ui: 476719
ui: 476775
ui: 476794
ui: 476828
activity: 486080
app: 486092
ui: 486111
ui: 486204
ui: 486259
hrm: 488569
app: 488574
ui: 488592
ui: 488616
ui: 488634
ui: 488652
activity: 500064
app: 500077
ui: 500096
ui: 500123
ui: 500141
hrm: 501915
app: 501924
ui: 501940
ui: 501966
ui: 501985
ui: 502003
activity: 513188
app: 513194
ui: 513216
ui: 513239
ui: 513258
hrm: 514074
app: 514084
ui: 514100
ui: 514125
ui: 514143
ui: 514161
activity: 526247
app: 526260
ui: 526297
ui: 526337
ui: 526358
hrm: 526387
app: 526391
ui: 526407
ui: 526429
ui: 526447
ui: 526464
hrm: 539367
app: 539380
ui: 539400
ui: 539427
ui: 539446
ui: 539464
activity: 540276
app: 540286
ui: 540303
ui: 540329
ui: 540347
hrm: 552031
app: 552038
ui: 552078
ui: 552105
ui: 552124
ui: 552142
activity: 552942
app: 552951
ui: 552967
ui: 552991
ui: 553009
hrm: 564362
app: 564375
ui: 564395
ui: 564424
ui: 564442
ui: 564460
activity: 565702
app: 565707
ui: 565724
ui: 565758
ui: 565824
hrm: 576411
app: 576459
ui: 576496
ui: 576521
ui: 576539
ui: 576558
activity: 578303
app: 578315
ui: 578335
ui: 578361
ui: 578380
hrm: 587019
app: 587025
ui: 587047
ui: 587074
ui: 587092
ui: 587111
activity: 590772
app: 590783
ui: 590800
ui: 590825
ui: 590844
hrm: 599220
app: 599231
ui: 599252
ui: 599277
ui: 599295
ui: 599313
activity: 603044
app: 603049
ui: 603068
ui: 603093
ui: 603111
hrm: 610440
app: 610453
ui: 610474
ui: 610501
ui: 610519
ui: 610538
activity: 615152
app: 615164
ui: 615185
ui: 615214
ui: 615232
hrm: 622109
app: 622143
ui: 622183
ui: 622210
ui: 622228
ui: 622246
activity: 628674
app: 628686
ui: 628706
ui: 628733
ui: 628752
hrm: 635206
app: 635218
ui: 635238
ui: 635275
ui: 635295
ui: 635314
activity: 639898
app: 639919
ui: 639939
ui: 639965
ui: 639984
hrm: 645469
app: 645501
ui: 645520
ui: 645545
ui: 645564
ui: 645582
activity: 653347
app: 653364
ui: 653393
ui: 653434
ui: 653461
hrm: 657962
app: 657967
ui: 658017
ui: 658061
ui: 658079
ui: 658098
activity: 667379
app: 667394
ui: 667415
ui: 667441
ui: 667459
hrm: 671097
app: 671108
ui: 671141
ui: 671168
ui: 671187
ui: 671205
activity: 681650
app: 681656
ui: 681678
ui: 681704
ui: 681723
hrm: 683064
app: 683075
ui: 683092
ui: 683116
ui: 683134
ui: 683153
activity: 693416
app: 693427
ui: 693446
ui: 693473
ui: 693492
hrm: 694356
app: 694360
ui: 694377
ui: 694400
ui: 694418
ui: 694437
activity: 707026
app: 707038
ui: 707058
ui: 707123
hrm: 707144
ui: 707150
app: 707158
ui: 707186
ui: 707210
ui: 707228
ui: 707246
hrm: 720426
app: 720439
ui: 720460
ui: 720490
ui: 720509
ui: 720527
activity: 721346
app: 721351
ui: 721367
ui: 721391
ui: 721410
hrm: 731663
app: 731675
ui: 731695
ui: 731721
ui: 731740
ui: 731758
activity: 732589
app: 732598
ui: 732613
ui: 732656
ui: 732676
hrm: 744141
app: 744147
ui: 744172
ui: 744228
ui: 744247
ui: 744266
ui: 746045
activity: 746068
app: 746079
ui: 746095
ui: 746119
ui: 746137
hrm: 756924
app: 756930
ui: 756952
ui: 756997
ui: 757015
ui: 757046
activity: 759491
app: 759502
ui: 759518
ui: 759543
ui: 759562
hrm: 769149
app: 769161
ui: 769182
ui: 769211
ui: 769230
ui: 769248
activity: 772254
app: 772258
ui: 772299
ui: 772322
ui: 772340
hrm: 780969
app: 780980
ui: 780999
ui: 781025
ui: 781043
ui: 781061
activity: 785559
app: 785569
ui: 785586
ui: 785663
ui: 785681
hrm: 792963
app: 792969
ui: 793039
ui: 793068
ui: 793086
ui: 793104
activity: 796579
app: 796591
ui: 796615
ui: 796647
ui: 796666
hrm: 803088
app: 803101
ui: 803122
ui: 803169
ui: 803188
ui: 803207
activity: 810026
app: 810033
ui: 810055
ui: 810081
ui: 810100
hrm: 816471
app: 816483
ui: 816505
ui: 816531
ui: 816550
ui: 816568
activity: 823623
app: 823636
ui: 823656
ui: 823685
ui: 823703
hrm: 829259
app: 829264
ui: 829287
ui: 829312
ui: 829331
ui: 829349
activity: 836603
app: 836637
ui: 836658
ui: 836685
ui: 836704
hrm: 841240
app: 841250
ui: 841297
ui: 841341
ui: 841359
ui: 841377
activity: 850168
app: 850175
ui: 850198
ui: 850224
ui: 850243
hrm: 852516
app: 852527
ui: 852546
ui: 852570
ui: 852588
ui: 852606
activity: 863187
app: 863201
ui: 863222
ui: 863251
ui: 863270
hrm: 865994
app: 865999
ui: 866019
ui: 866044
ui: 866063
ui: 866081
activity: 875351
app: 875364
ui: 875384
ui: 875410
ui: 875429
hrm: 877199
app: 877209
ui: 877227
ui: 877254
ui: 877272
ui: 877290
activity: 888233
app: 888239
ui: 888294
ui: 888359
hrm: 888380
ui: 888387
app: 888394
ui: 888422
ui: 888446
ui: 888464
ui: 888482
hrm: 901267
app: 901280
ui: 901301
ui: 901336
activity: 901355
ui: 901361
app: 901367
ui: 901393
ui: 901417
ui: 901435
ui: 901453
hrm: 914353
app: 914359
ui: 914436
ui: 914481
activity: 914502
ui: 914509
app: 914515
ui: 914544
ui: 914568
ui: 914586
ui: 914604
hrm: 926323
app: 926336
ui: 926357
ui: 926383
ui: 926401
ui: 926420
activity: 928110
app: 928150
ui: 928183
ui: 928209
ui: 928228
hrm: 939457
app: 939463
ui: 939486
ui: 939512
ui: 939531
ui: 939549
activity: 942200
app: 942210
ui: 942228
ui: 942252
ui: 942270
hrm: 952548
app: 952560
ui: 952581
ui: 952610
ui: 952654
ui: 952674
activity: 955443
app: 955447
ui: 955463
ui: 955487
ui: 955506
hrm: 963510
app: 963523
ui: 963544
ui: 963571
ui: 963598
ui: 963667
activity: 966665
app: 966675
ui: 966692
ui: 966718
ui: 966737
hrm: 975805
app: 975811
ui: 975833
ui: 975860
ui: 975878
ui: 975896
activity: 980570
app: 980581
ui: 980600
ui: 980624
ui: 980642
hrm: 987148
app: 987159
ui: 987178
ui: 987205
ui: 987224
ui: 987242
activity: 994272
app: 994278
ui: 994301
ui: 994328
ui: 994346
hrm: 999398
app: 999439
ui: 999474
ui: 999499
ui: 999518
ui: 999536
activity: 1006873
app: 1006920
ui: 1006955
ui: 1006983
ui: 1007002
hrm: 1010521
app: 1010526
ui: 1010546
ui: 1010570
ui: 1010588
ui: 1010607
activity: 1018901
app: 1018914
ui: 1018989
ui: 1019016
ui: 1019035
hrm: 1023090
app: 1023101
ui: 1023174
ui: 1023202
ui: 1023221
ui: 1023239
activity: 1032374
app: 1032379
ui: 1032404
ui: 1032428
ui: 1032446
hrm: 1036008
app: 1036035
ui: 1036056
ui: 1036082
ui: 1036100
ui: 1036119
activity: 1045580
app: 1045593
ui: 1045614
ui: 1045644
ui: 1045670
hrm: 1046863
app: 1046868
ui: 1046887
ui: 1046954
ui: 1046975
ui: 1046994
activity: 1055384
app: 1055411
ui: 1055432
ui: 1055460
ui: 1055478
hrm: 1056802
app: 1056813
ui: 1056831
ui: 1056859
ui: 1056880
ui: 1056899
activity: 1067176
app: 1067198
ui: 1067224
ui: 1067251
ui: 1067270
hrm: 1068076
app: 1068087
ui: 1068104
ui: 1068131
ui: 1068149
ui: 1068167
hrm: 1079608
app: 1079620
ui: 1079641
ui: 1079671
ui: 1079689
ui: 1079707
activity: 1079736
app: 1079739
ui: 1079752
ui: 1079774
ui: 1079792
hrm: 1092195
app: 1092207
ui: 1092229
ui: 1092263
ui: 1092283
ui: 1092301
activity: 1093105
app: 1093114
ui: 1093129
ui: 1093165
ui: 1093186
hrm: 1103912
app: 1103917
ui: 1103940
ui: 1103966
ui: 1103985
ui: 1104004
activity: 1106665
app: 1106678
ui: 1106697
ui: 1106723
ui: 1106742
hrm: 1116803
app: 1116816
ui: 1116840
ui: 1116871
ui: 1116890
ui: 1116909
activity: 1119534
app: 1119541
ui: 1119561
ui: 1119586
ui: 1119615
hrm: 1128963
app: 1128977
ui: 1128998
ui: 1129026
ui: 1129045
ui: 1129063
activity: 1131187
app: 1131198
ui: 1131216
ui: 1131243
ui: 1131262
hrm: 1140836
app: 1140842
ui: 1140865
ui: 1140892
ui: 1140910
ui: 1140928
activity: 1145521
app: 1145532
ui: 1145550
ui: 1145575
ui: 1145593
hrm: 1152604
app: 1152617
ui: 1152664
ui: 1152694
ui: 1152712
ui: 1152730
activity: 1158154
app: 1158189
ui: 1158227
ui: 1158260
ui: 1158281
hrm: 1164819
app: 1164829
ui: 1164847
ui: 1164872
ui: 1164891
ui: 1164909
activity: 1171377
app: 1171390
ui: 1171410
ui: 1171439
ui: 1171457
hrm: 1177959
app: 1177965
ui: 1177989
ui: 1178072
ui: 1178092
ui: 1178111
activity: 1184164
app: 1184194
ui: 1184229
ui: 1184260
ui: 1184280
hrm: 1189355
app: 1189367
ui: 1189386
ui: 1189414
ui: 1189433
ui: 1189451
activity: 1196972
app: 1196979
ui: 1197001
ui: 1197027
ui: 1197046
hrm: 1201617
app: 1201628
ui: 1201648
ui: 1201697
ui: 1201716
ui: 1201748
activity: 1215619
app: 1215632
ui: 1215651
ui: 1215680
ui: 1215698
hrm: 1218297
app: 1218303
ui: 1218327
ui: 1218354
ui: 1218372
ui: 1218390
activity: 1227093
app: 1227106
ui: 1227126
ui: 1227153
ui: 1227171
hrm: 1229886
app: 1229896
ui: 1229913
ui: 1229940
ui: 1229958
ui: 1229976
activity: 1240730
app: 1240765
ui: 1240789
ui: 1240834
ui: 1240852
hrm: 1242596
app: 1242606
ui: 1242624
ui: 1242649
ui: 1242667
ui: 1242685
activity: 1254446
app: 1254458
ui: 1254478
ui: 1254508
ui: 1254526
hrm: 1255376
app: 1255381
ui: 1255430
ui: 1255471
ui: 1255490
ui: 1255508
hrm: 1268066
app: 1268079
ui: 1268151
ui: 1268197
activity: 1268219
ui: 1268225
app: 1268232
ui: 1268261
ui: 1268285
ui: 1268303
ui: 1268320
activity: 1280250
app: 1280298
ui: 1280393
ui: 1280425
ui: 1280443
hrm: 1280472
app: 1280474
ui: 1280490
ui: 1280511
ui: 1280529
ui: 1280547
hrm: 1289200
app: 1289250
ui: 1289271
ui: 1289313
ui: 1289331
ui: 1289350
activity: 1291105
app: 1291113
ui: 1291130
ui: 1291169
ui: 1291187
hrm: 1302295
app: 1302301
ui: 1302359
ui: 1302403
ui: 1302421
ui: 1302440
activity: 1305083
app: 1305094
ui: 1305110
ui: 1305134
ui: 1305153
hrm: 1314551
app: 1314565
ui: 1314586
ui: 1314617
ui: 1314635
ui: 1314654
activity: 1318293
app: 1318297
ui: 1318354
ui: 1318395
ui: 1318413
hrm: 1327217
app: 1327231
ui: 1327256
ui: 1327289
ui: 1327308
ui: 1327327
activity: 1330917
app: 1330928
ui: 1330947
ui: 1330976
ui: 1330994
hrm: 1337866
app: 1337873
ui: 1337898
ui: 1337925
ui: 1337944
ui: 1337962
activity: 1341112
app: 1341123
ui: 1341141
ui: 1341167
ui: 1341185
hrm: 1348161
app: 1348173
ui: 1348192
ui: 1348233
ui: 1348292
ui: 1348328
activity: 1353702
app: 1353707
ui: 1353726
ui: 1353751
ui: 1353769
hrm: 1360850
app: 1360863
ui: 1360883
ui: 1360910
ui: 1360929
ui: 1360947
activity: 1367385
app: 1367396
ui: 1367415
ui: 1367443
ui: 1367462
hrm: 1372280
app: 1372284
ui: 1372348
ui: 1372381
ui: 1372401
ui: 1372419
activity: 1379002
app: 1379014
ui: 1379050
ui: 1379078
ui: 1379096
hrm: 1383691
app: 1383730
ui: 1383765
ui: 1383792
ui: 1383811
ui: 1383829
activity: 1392093
app: 1392099
ui: 1392124
ui: 1392156
ui: 1392175
hrm: 1395824
app: 1395835
ui: 1395852
ui: 1395877
ui: 1395895
ui: 1395913
activity: 1406018
app: 1406065
ui: 1406103
ui: 1406132
ui: 1406151
hrm: 1408789
app: 1408794
ui: 1408813
ui: 1408837
ui: 1408855
ui: 1408874
activity: 1418924
app: 1418938
ui: 1418961
ui: 1418989
ui: 1419008
hrm: 1420774
app: 1420785
ui: 1420803
ui: 1420830
ui: 1420849
ui: 1420867
activity: 1431781
app: 1431787
ui: 1431810
ui: 1431856
hrm: 1431877
ui: 1431884
app: 1431891
ui: 1431920
ui: 1431944
ui: 1431962
ui: 1431980
hrm: 1444913
app: 1444926
ui: 1444947
ui: 1444982
activity: 1445001
ui: 1445007
app: 1445014
ui: 1445040
ui: 1445064
ui: 1445082
ui: 1445100
hrm: 1459101
app: 1459107
ui: 1459131
ui: 1459175
ui: 1459194
ui: 1459212
activity: 1459988
app: 1460053
ui: 1460089
ui: 1460129
ui: 1460148
hrm: 1471097
app: 1471110
ui: 1471158
ui: 1471205
ui: 1471224
ui: 1471242
activity: 1473217
app: 1473222
ui: 1473239
ui: 1473264
ui: 1473331
hrm: 1483605
app: 1483636
ui: 1483658
ui: 1483684
ui: 1483702
ui: 1483720
activity: 1486360
app: 1486371
ui: 1486387
ui: 1486415
ui: 1486434
hrm: 1495694
app: 1495700
ui: 1495724
ui: 1495751
ui: 1495769
ui: 1495787
ui: 1499276
activity: 1499309
app: 1499321
ui: 1499337
ui: 1499362
ui: 1499381
hrm: 1508629
app: 1508635
ui: 1508657
ui: 1508682
ui: 1508701
ui: 1508719
activity: 1512833
app: 1512845
ui: 1512863
ui: 1512890
ui: 1512908
hrm: 1521340
app: 1521376
ui: 1521397
ui: 1521444
ui: 1521464
ui: 1521483
activity: 1525138
app: 1525144
ui: 1525162
ui: 1525187
ui: 1525206
hrm: 1533014
app: 1533027
ui: 1533047
ui: 1533073
ui: 1533092
ui: 1533110
activity: 1538663
app: 1538676
ui: 1538696
ui: 1538726
ui: 1538745
hrm: 1543762
app: 1543768
ui: 1543790
ui: 1543819
ui: 1543838
ui: 1543856
activity: 1551250
app: 1551260
ui: 1551278
ui: 1551301
ui: 1551319
hrm: 1556948
app: 1556960
ui: 1556983
ui: 1557025
ui: 1557046
ui: 1557064
activity: 1564020
app: 1564027
ui: 1564049
ui: 1564075
ui: 1564094
hrm: 1568809
app: 1568820
ui: 1568838
ui: 1568863
ui: 1568882
ui: 1568900
activity: 1576142
app: 1576154
ui: 1576173
ui: 1576201
ui: 1576220
hrm: 1579861
app: 1579866
ui: 1579886
ui: 1579911
ui: 1579930
ui: 1579948
activity: 1590061
app: 1590073
ui: 1590093
ui: 1590120
ui: 1590138
hrm: 1592838
app: 1592863
ui: 1592881
ui: 1592907
ui: 1592926
ui: 1592944
activity: 1603182
app: 1603214
ui: 1603251
ui: 1603276
ui: 1603295
hrm: 1605038
app: 1605050
ui: 1605069
ui: 1605096
ui: 1605114
ui: 1605133
activity: 1615188
app: 1615201
ui: 1615220
ui: 1615249
ui: 1615268
hrm: 1616092
app: 1616096
ui: 1616115
ui: 1616176
ui: 1616215
ui: 1616233
hrm: 1628337
app: 1628350
ui: 1628372
ui: 1628406
activity: 1628425
ui: 1628431
app: 1628437
ui: 1628463
ui: 1628498
ui: 1628569
ui: 1628587
hrm: 1640186
app: 1640198
ui: 1640250
ui: 1640286
ui: 1640308
ui: 1640333
activity: 1641040
app: 1641048
ui: 1641064
ui: 1641087
ui: 1641106
hrm: 1651653
app: 1651666
ui: 1651687
ui: 1651716
ui: 1651735
ui: 1651753
activity: 1653495
app: 1653500
ui: 1653546
ui: 1653587
ui: 1653606
hrm: 1664172
app: 1664186
ui: 1664232
ui: 1664276
ui: 1664294
ui: 1664317
activity: 1666933
app: 1666962
ui: 1666980
ui: 1667007
ui: 1667025
hrm: 1676789
app: 1676796
ui: 1676818
ui: 1676891
ui: 1676910
ui: 1676928
activity: 1680091
app: 1680102
ui: 1680120
ui: 1680145
ui: 1680164
hrm: 1688444
app: 1688456
ui: 1688475
ui: 1688504
ui: 1688523
ui: 1688541
activity: 1697650
app: 1697656
ui: 1697693
ui: 1697720
ui: 1697751
hrm: 1705698
app: 1705710
ui: 1705731
ui: 1705757
ui: 1705776
ui: 1705794
activity: 1710845
app: 1710855
ui: 1710928
ui: 1710955
ui: 1710986
hrm: 1717461
app: 1717467
ui: 1717506
ui: 1717532
ui: 1717606
ui: 1717627
activity: 1723533
app: 1723573
ui: 1723610
ui: 1723636
ui: 1723654
hrm: 1729683
app: 1729721
ui: 1729757
ui: 1729784
ui: 1729803
ui: 1729821
activity: 1737180
app: 1737185
ui: 1737207
ui: 1737232
ui: 1737251
hrm: 1742736
app: 1742749
ui: 1742770
ui: 1742797
ui: 1742815
ui: 1742833
activity: 1751116
app: 1751130
ui: 1751150
ui: 1751178
ui: 1751197
hrm: 1755795
app: 1755800
ui: 1755820
ui: 1755845
ui: 1755864
ui: 1755882
activity: 1764195
app: 1764208
ui: 1764230
ui: 1764256
ui: 1764275
hrm: 1767393
app: 1767405
ui: 1767425
ui: 1767453
ui: 1767471
ui: 1767489
activity: 1775684
app: 1775689
ui: 1775715
ui: 1775742
ui: 1775760
hrm: 1778504
app: 1778514
ui: 1778531
ui: 1778556
ui: 1778574
ui: 1778592
activity: 1789057
app: 1789070
ui: 1789090
ui: 1789120
ui: 1789138
hrm: 1790902
app: 1790907
ui: 1790925
ui: 1790950
ui: 1790969
ui: 1790987
activity: 1801709
app: 1801721
ui: 1801742
ui: 1801768
ui: 1801786
hrm: 1802905
app: 1802914
ui: 1802930
ui: 1802956
ui: 1802975
ui: 1802993
hrm: 1816101
app: 1816131
ui: 1816152
ui: 1816190
ui: 1816211
ui: 1816229
activity: 1816258
app: 1816262
ui: 1816277
ui: 1816298
ui: 1816316
hrm: 1827740
app: 1827752
ui: 1827772
ui: 1827806
activity: 1827825
ui: 1827831
app: 1827837
ui: 1827863
ui: 1827887
ui: 1827905
ui: 1827923
hrm: 1838167
app: 1838173
ui: 1838198
ui: 1838225
ui: 1838243
ui: 1838261
activity: 1839440
app: 1839452
ui: 1839469
ui: 1839517
ui: 1839538
hrm: 1848424
app: 1848436
ui: 1848457
ui: 1848486
ui: 1848504
ui: 1848522
activity: 1852500
app: 1852506
ui: 1852526
ui: 1852552
ui: 1852570
hrm: 1861296
app: 1861308
ui: 1861331
ui: 1861357
ui: 1861376
ui: 1861394
activity: 1865025
app: 1865036
ui: 1865053
ui: 1865080
ui: 1865099
hrm: 1873318
app: 1873360
ui: 1873401
ui: 1873427
ui: 1873445
ui: 1873463
activity: 1878140
app: 1878154
ui: 1878174
ui: 1878200
ui: 1878219
hrm: 1885727
app: 1885768
ui: 1885790
ui: 1885819
ui: 1885837
ui: 1885855
activity: 1891321
app: 1891327
ui: 1891346
ui: 1891405
ui: 1891424
hrm: 1897928
app: 1897941
ui: 1897979
ui: 1898006
ui: 1898024
ui: 1898042
activity: 1903972
app: 1903985
ui: 1904020
ui: 1904048
ui: 1904067
hrm: 1910321
app: 1910327
ui: 1910384
ui: 1910427
ui: 1910446
ui: 1910464
activity: 1915876
app: 1915888
ui: 1915924
ui: 1915951
ui: 1915969
hrm: 1920885
app: 1920915
ui: 1920935
ui: 1920963
ui: 1920982
ui: 1921000
activity: 1928495
app: 1928502
ui: 1928523
ui: 1928550
ui: 1928569
hrm: 1933054
app: 1933065
ui: 1933134
ui: 1933197
ui: 1933215
ui: 1933233
activity: 1942019
app: 1942034
ui: 1942072
ui: 1942102
ui: 1942135
hrm: 1944904
app: 1944910
ui: 1944933
ui: 1944959
ui: 1944978
ui: 1944996
activity: 1955148
app: 1955161
ui: 1955181
ui: 1955208
ui: 1955226
hrm: 1957925
app: 1957935
ui: 1957953
ui: 1957981
ui: 1957999
ui: 1958017
activity: 1966523
app: 1966530
ui: 1966552
ui: 1966579
ui: 1966598
hrm: 1968342
app: 1968353
ui: 1968371
ui: 1968411
ui: 1968430
ui: 1968448
activity: 1979430
app: 1979442
ui: 1979462
ui: 1979491
ui: 1979510
hrm: 1980349
app: 1980353
ui: 1980370
ui: 1980394
ui: 1980412
ui: 1980430
hrm: 1993317
app: 1993330
ui: 1993351
ui: 1993437
activity: 1993455
ui: 1993462
app: 1993468
ui: 1993494
ui: 1993518
ui: 1993536
ui: 1993554
hrm: 2006406
app: 2006413
ui: 2006487
ui: 2006514
ui: 2006532
ui: 2006550
activity: 2007361
app: 2007391
ui: 2007407
ui: 2007431
ui: 2007449
hrm: 2018115
app: 2018158
ui: 2018196
ui: 2018225
ui: 2018243
ui: 2018262
activity: 2019448
app: 2019453
ui: 2019470
ui: 2019556
ui: 2019576
hrm: 2030239
app: 2030251
ui: 2030319
ui: 2030345
ui: 2030364
ui: 2030382
activity: 2032667
app: 2032694
ui: 2032712
ui: 2032739
ui: 2032758
hrm: 2042536
app: 2042559
ui: 2042582
ui: 2042609
ui: 2042628
ui: 2042646
activity: 2045811
app: 2045822
ui: 2045838
ui: 2045862
ui: 2045881
hrm: 2055012
app: 2055026
ui: 2055047
ui: 2055078
ui: 2055096
ui: 2055115
activity: 2059044
app: 2059052
ui: 2059084
ui: 2059122
ui: 2059143
hrm: 2065870
app: 2065883
ui: 2065903
ui: 2065937
ui: 2065957
ui: 2065976
activity: 2072618
app: 2072628
ui: 2072646
ui: 2072671
ui: 2072690
hrm: 2080257
app: 2080264
ui: 2080287
ui: 2080314
ui: 2080332
ui: 2080350
activity: 2085761
app: 2085773
ui: 2085791
ui: 2085816
ui: 2085834
hrm: 2092801
app: 2092813
ui: 2092833
ui: 2092861
ui: 2092880
ui: 2092898
activity: 2099474
app: 2099496
ui: 2099517
ui: 2099542
ui: 2099560
hrm: 2104887
app: 2104900
ui: 2104921
ui: 2104961
ui: 2104981
ui: 2105000
activity: 2111948
app: 2111960
ui: 2111981
ui: 2112010
ui: 2112028
hrm: 2117154
app: 2117161
ui: 2117183
ui: 2117209
ui: 2117228
ui: 2117246
activity: 2125744
app: 2125757
ui: 2125778
ui: 2125806
ui: 2125824
hrm: 2128989
app: 2129001
ui: 2129020
ui: 2129048
ui: 2129067
ui: 2129085
activity: 2138039
app: 2138045
ui: 2138067
ui: 2138094
ui: 2138112
hrm: 2140451
app: 2140462
ui: 2140479
ui: 2140504
ui: 2140522
ui: 2140541
activity: 2151498
app: 2151510
ui: 2151530
ui: 2151560
ui: 2151578
hrm: 2153300
app: 2153305
ui: 2153324
ui: 2153348
ui: 2153367
ui: 2153385
activity: 2165027
app: 2165039
ui: 2165059
ui: 2165084
ui: 2165102
hrm: 2165987
app: 2166016
ui: 2166033
ui: 2166059
ui: 2166078
ui: 2166096
hrm: 2179768
app: 2179780
ui: 2179801
ui: 2179830
ui: 2179849
ui: 2179867
activity: 2179895
app: 2179898
ui: 2179912
ui: 2179933
ui: 2179951
hrm: 2191535
app: 2191550
ui: 2191600
ui: 2191627
ui: 2191646
ui: 2191664
activity: 2192460
app: 2192470
ui: 2192486
ui: 2192513
ui: 2192532
hrm: 2203564
app: 2203569
ui: 2203593
ui: 2203620
ui: 2203638
ui: 2203657
activity: 2205601
app: 2205612
ui: 2205629
ui: 2205666
ui: 2205686
hrm: 2214384
app: 2214396
ui: 2214417
ui: 2214447
ui: 2214466
ui: 2214484
activity: 2216864
app: 2216871
ui: 2216892
ui: 2216919
ui: 2216937
hrm: 2225632
app: 2225644
ui: 2225666
ui: 2225693
ui: 2225711
ui: 2225729
activity: 2229376
app: 2229393
ui: 2229419
ui: 2229478
ui: 2229505
hrm: 2237798
app: 2237805
ui: 2237829
ui: 2237857
ui: 2237876
ui: 2237895
activity: 2242284
app: 2242303
ui: 2242332
ui: 2242384
ui: 2242412
hrm: